<?xml version="1.0" encoding="UTF-8"?>
<testsuite xmlns:xsi="http://www.w3.org/2001/XMLSchema-instance" xsi:noNamespaceSchemaLocation="https://maven.apache.org/surefire/maven-surefire-plugin/xsd/surefire-test-report.xsd" version="3.0.2" name="com.app.webdemo.WebdemoApplicationTests" time="2.928" tests="1" errors="0" skipped="0" failures="0">
  <properties>
[...]
</properties>
  <testcase name="contextLoads" classname="com.app.webdemo.WebdemoApplicationTests" time="0.753">
    <system-out><![CDATA[17:15:58.817 [main] INFO org.springframework.test.context.support.AnnotationConfigContextLoaderUtils -- Could not detect default configuration classes for test class [com.app.webdemo.WebdemoApplicationTests]: WebdemoApplicationTests does not declare any static, non-private, non-final, nested classes annotated with @Configuration.
17:15:58.941 [main] INFO org.springframework.boot.test.context.SpringBootTestContextBootstrapper -- Found @SpringBootConfiguration com.app.webdemo.WebdemoApplication for test class com.app.webdemo.WebdemoApplicationTests

  .   ____          _            __ _ _
 /\\ / ___'_ __ _ _(_)_ __  __ _ \ \ \ \
( ( )\___ | '_ | '_| | '_ \/ _` | \ \ \ \
 \\/  ___)| |_)| | | | | || (_| |  ) ) ) )
  '  |____| .__|_| |_|_| |_\__, | / / / /
 =========|_|==============|___/=/_/_/_/

 :: Spring Boot ::                (v3.4.3)

2025-11-22T17:15:59.367+01:00  INFO 23872 --- [webdemo] [           main] c.app.webdemo.WebdemoApplicationTests    : Starting WebdemoApplicationTests using Java 21 with PID 23872 (started by Sergio in C:\Users\Sergio\Documents\repo-practice-springboot\mod-3-spring-mvc\lab-7\utrde-spring_mvc_lab\webdemo)
2025-11-22T17:15:59.368+01:00  INFO 23872 --- [webdemo] [           main] c.app.webdemo.WebdemoApplicationTests    : No active profile set, falling back to 1 default profile: "default"
2025-11-22T17:16:00.416+01:00  INFO 23872 --- [webdemo] [           main] o.s.b.a.w.s.WelcomePageHandlerMapping    : Adding welcome page template: index
2025-11-22T17:16:00.797+01:00  INFO 23872 --- [webdemo] [           main] c.app.webdemo.WebdemoApplicationTests    : Started WebdemoApplicationTests in 1.696 seconds (process running for 2.639)
]]></system-out>
    <system-err><![CDATA[Mockito is currently self-attaching to enable the inline-mock-maker. This will no longer work in future releases of the JDK. Please add Mockito as an agent to your build what is described in Mockito's documentation: https://javadoc.io/doc/org.mockito/mockito-core/latest/org/mockito/Mockito.html#0.3
WARNING: A Java agent has been loaded dynamically (C:\Users\Sergio\.m2\repository\net\bytebuddy\byte-buddy-agent\1.15.11\byte-buddy-agent-1.15.11.jar)
WARNING: If a serviceability tool is in use, please run with -XX:+EnableDynamicAgentLoading to hide this warning
WARNING: If a serviceability tool is not in use, please run with -Djdk.instrument.traceUsage for more information
WARNING: Dynamic loading of agents will be disallowed by default in a future release
]]></system-err>
  </testcase>
</testsuite>